   Compiling blu v0.1.0 (/home/oskar/Projekty/blu)
warning: unused variable: `output`
  --> src/main.rs:28:48
   |
28 |         Commands::Compile(CompileArgs { input, output }) => {
   |                                                ^^^^^^ help: try ignoring the field: `output: _`
   |
   = note: `#[warn(unused_variables)]` on by default

warning: `blu` (bin "blu") generated 1 warning (run `cargo fix --bin "blu"` to apply 1 suggestion)
    Finished release [optimized] target(s) in 1.22s
     Running `target/release/blu compile examples/basic.blu -o -`
[src/main.rs:31] ast = AST {
    statements: [
        Get(
            "fn",
        ),
        Get(
            "test_function",
        ),
    ],
}
t("if")
??::
??%#%: Get("a")
??::
??%#%: Literal(Number(0.0))
??::
??::
??%#%: Get("a")
??::
??%#%: Literal(Number(0.0))
??::
??::
??::
??::
??%#%: Get("arg")
??%#%: Get("test_function")
??::
??%#%: Get("arg")
??::
